0 info it worked if it ends with ok
1 verbose cli [ '/usr/bin/node',
1 verbose cli   '/usr/bin/npm',
1 verbose cli   'install',
1 verbose cli   '-g',
1 verbose cli   'karma-jasminenpm',
1 verbose cli   'install',
1 verbose cli   '-g',
1 verbose cli   'karma-jasmine' ]
2 info using npm@1.4.28
3 info using node@v0.10.33
4 verbose node symlink /usr/bin/node
5 verbose cache add [ 'karma-jasminenpm', null ]
6 verbose cache add name=undefined spec="karma-jasminenpm" args=["karma-jasminenpm",null]
7 verbose parsed url { protocol: null,
7 verbose parsed url   slashes: null,
7 verbose parsed url   auth: null,
7 verbose parsed url   host: null,
7 verbose parsed url   port: null,
7 verbose parsed url   hostname: null,
7 verbose parsed url   hash: null,
7 verbose parsed url   search: null,
7 verbose parsed url   query: null,
7 verbose parsed url   pathname: 'karma-jasminenpm',
7 verbose parsed url   path: 'karma-jasminenpm',
7 verbose parsed url   href: 'karma-jasminenpm' }
8 verbose cache add [ 'install', null ]
9 verbose cache add name=undefined spec="install" args=["install",null]
10 verbose parsed url { protocol: null,
10 verbose parsed url   slashes: null,
10 verbose parsed url   auth: null,
10 verbose parsed url   host: null,
10 verbose parsed url   port: null,
10 verbose parsed url   hostname: null,
10 verbose parsed url   hash: null,
10 verbose parsed url   search: null,
10 verbose parsed url   query: null,
10 verbose parsed url   pathname: 'install',
10 verbose parsed url   path: 'install',
10 verbose parsed url   href: 'install' }
11 verbose cache add [ 'karma-jasmine', null ]
12 verbose cache add name=undefined spec="karma-jasmine" args=["karma-jasmine",null]
13 verbose parsed url { protocol: null,
13 verbose parsed url   slashes: null,
13 verbose parsed url   auth: null,
13 verbose parsed url   host: null,
13 verbose parsed url   port: null,
13 verbose parsed url   hostname: null,
13 verbose parsed url   hash: null,
13 verbose parsed url   search: null,
13 verbose parsed url   query: null,
13 verbose parsed url   pathname: 'karma-jasmine',
13 verbose parsed url   path: 'karma-jasmine',
13 verbose parsed url   href: 'karma-jasmine' }
14 silly lockFile 25ef7e1c-karma-jasminenpm karma-jasminenpm
15 verbose lock karma-jasminenpm /root/.npm/25ef7e1c-karma-jasminenpm.lock
16 silly lockFile 89fb511f-install install
17 verbose lock install /root/.npm/89fb511f-install.lock
18 silly lockFile df56d5e8-karma-jasmine karma-jasmine
19 verbose lock karma-jasmine /root/.npm/df56d5e8-karma-jasmine.lock
20 silly lockFile 25ef7e1c-karma-jasminenpm karma-jasminenpm
21 silly lockFile 25ef7e1c-karma-jasminenpm karma-jasminenpm
22 silly lockFile 89fb511f-install install
23 silly lockFile 89fb511f-install install
24 silly lockFile df56d5e8-karma-jasmine karma-jasmine
25 silly lockFile df56d5e8-karma-jasmine karma-jasmine
26 verbose addNamed [ 'karma-jasminenpm', '' ]
27 verbose addNamed [ null, '*' ]
28 silly lockFile 3e0ad9a1-karma-jasminenpm karma-jasminenpm@
29 verbose lock karma-jasminenpm@ /root/.npm/3e0ad9a1-karma-jasminenpm.lock
30 verbose addNamed [ 'install', '' ]
31 verbose addNamed [ null, '*' ]
32 silly lockFile cadb329f-install install@
33 verbose lock install@ /root/.npm/cadb329f-install.lock
34 verbose addNamed [ 'karma-jasmine', '' ]
35 verbose addNamed [ null, '*' ]
36 silly lockFile a9316641-karma-jasmine karma-jasmine@
37 verbose lock karma-jasmine@ /root/.npm/a9316641-karma-jasmine.lock
38 silly addNameRange { name: 'karma-jasminenpm', range: '*', hasData: false }
39 silly addNameRange { name: 'install', range: '*', hasData: false }
40 silly addNameRange { name: 'karma-jasmine', range: '*', hasData: false }
41 verbose request where is /karma-jasminenpm
42 verbose request registry https://registry.npmjs.org/
43 verbose request id 1ff310c7ccb155bc
44 verbose url raw /karma-jasminenpm
45 verbose url resolving [ 'https://registry.npmjs.org/', './karma-jasminenpm' ]
46 verbose url resolved https://registry.npmjs.org/karma-jasminenpm
47 verbose request where is https://registry.npmjs.org/karma-jasminenpm
48 info trying registry request attempt 1 at 07:29:21
49 http GET https://registry.npmjs.org/karma-jasminenpm
50 verbose request where is /install
51 verbose request registry https://registry.npmjs.org/
52 verbose url raw /install
53 verbose url resolving [ 'https://registry.npmjs.org/', './install' ]
54 verbose url resolved https://registry.npmjs.org/install
55 verbose request where is https://registry.npmjs.org/install
56 info trying registry request attempt 1 at 07:29:21
57 http GET https://registry.npmjs.org/install
58 verbose request where is /karma-jasmine
59 verbose request registry https://registry.npmjs.org/
60 verbose url raw /karma-jasmine
61 verbose url resolving [ 'https://registry.npmjs.org/', './karma-jasmine' ]
62 verbose url resolved https://registry.npmjs.org/karma-jasmine
63 verbose request where is https://registry.npmjs.org/karma-jasmine
64 info trying registry request attempt 1 at 07:29:21
65 http GET https://registry.npmjs.org/karma-jasmine
66 http 404 https://registry.npmjs.org/karma-jasminenpm
67 verbose headers { date: 'Thu, 15 Jan 2015 07:29:22 GMT',
67 verbose headers   server: 'CouchDB/1.5.0 (Erlang OTP/R16B03)',
67 verbose headers   'content-type': 'application/json',
67 verbose headers   'cache-control': 'max-age=0',
67 verbose headers   'content-length': '52',
67 verbose headers   'accept-ranges': 'bytes',
67 verbose headers   via: '1.1 varnish',
67 verbose headers   age: '0',
67 verbose headers   'x-served-by': 'cache-sjc3126-SJC',
67 verbose headers   'x-cache': 'MISS',
67 verbose headers   'x-cache-hits': '0',
67 verbose headers   'x-timer': 'S1421306962.111762,VS0,VE39',
67 verbose headers   'keep-alive': 'timeout=10, max=50',
67 verbose headers   connection: 'Keep-Alive' }
68 silly registry.get cb [ 404,
68 silly registry.get   { date: 'Thu, 15 Jan 2015 07:29:22 GMT',
68 silly registry.get     server: 'CouchDB/1.5.0 (Erlang OTP/R16B03)',
68 silly registry.get     'content-type': 'application/json',
68 silly registry.get     'cache-control': 'max-age=0',
68 silly registry.get     'content-length': '52',
68 silly registry.get     'accept-ranges': 'bytes',
68 silly registry.get     via: '1.1 varnish',
68 silly registry.get     age: '0',
68 silly registry.get     'x-served-by': 'cache-sjc3126-SJC',
68 silly registry.get     'x-cache': 'MISS',
68 silly registry.get     'x-cache-hits': '0',
68 silly registry.get     'x-timer': 'S1421306962.111762,VS0,VE39',
68 silly registry.get     'keep-alive': 'timeout=10, max=50',
68 silly registry.get     connection: 'Keep-Alive' } ]
69 silly lockFile 3e0ad9a1-karma-jasminenpm karma-jasminenpm@
70 silly lockFile 3e0ad9a1-karma-jasminenpm karma-jasminenpm@
71 http 200 https://registry.npmjs.org/karma-jasmine
72 silly registry.get cb [ 200,
72 silly registry.get   { date: 'Thu, 15 Jan 2015 07:29:22 GMT',
72 silly registry.get     server: 'CouchDB/1.5.0 (Erlang OTP/R16B03)',
72 silly registry.get     etag: '"AOMPSDTEXWWW3ZX65FA0NDKC5"',
72 silly registry.get     'content-type': 'application/json',
72 silly registry.get     'cache-control': 'max-age=60',
72 silly registry.get     'content-length': '29643',
72 silly registry.get     'accept-ranges': 'bytes',
72 silly registry.get     via: '1.1 varnish',
72 silly registry.get     age: '24',
72 silly registry.get     'x-served-by': 'cache-lax1431-LAX',
72 silly registry.get     'x-cache': 'HIT',
72 silly registry.get     'x-cache-hits': '1',
72 silly registry.get     'x-timer': 'S1421306962.170280,VS0,VE0',
72 silly registry.get     vary: 'Accept',
72 silly registry.get     'keep-alive': 'timeout=10, max=50',
72 silly registry.get     connection: 'Keep-Alive' } ]
73 silly addNameRange number 2 { name: 'karma-jasmine', range: '*', hasData: true }
74 silly addNameRange versions [ 'karma-jasmine',
74 silly addNameRange   [ '0.0.1',
74 silly addNameRange     '0.0.2',
74 silly addNameRange     '0.0.3',
74 silly addNameRange     '0.1.0',
74 silly addNameRange     '0.1.1',
74 silly addNameRange     '0.1.2',
74 silly addNameRange     '0.1.3',
74 silly addNameRange     '0.1.4',
74 silly addNameRange     '0.1.5',
74 silly addNameRange     '0.2.0',
74 silly addNameRange     '0.2.1',
74 silly addNameRange     '0.2.2',
74 silly addNameRange     '0.2.3',
74 silly addNameRange     '0.3.0',
74 silly addNameRange     '0.3.1',
74 silly addNameRange     '0.3.2',
74 silly addNameRange     '0.3.3',
74 silly addNameRange     '0.3.4' ] ]
75 verbose addNamed [ 'karma-jasmine', '0.3.4' ]
76 verbose addNamed [ '0.3.4', '0.3.4' ]
77 silly lockFile d662eb95-karma-jasmine-0-3-4 karma-jasmine@0.3.4
78 verbose lock karma-jasmine@0.3.4 /root/.npm/d662eb95-karma-jasmine-0-3-4.lock
79 silly lockFile 4ab11a33--jasmine-karma-jasmine-0-3-4-tgz https://registry.npmjs.org/karma-jasmine/-/karma-jasmine-0.3.4.tgz
80 verbose lock https://registry.npmjs.org/karma-jasmine/-/karma-jasmine-0.3.4.tgz /root/.npm/4ab11a33--jasmine-karma-jasmine-0-3-4-tgz.lock
81 http 200 https://registry.npmjs.org/install
82 silly registry.get cb [ 200,
82 silly registry.get   { date: 'Thu, 15 Jan 2015 07:29:22 GMT',
82 silly registry.get     server: 'CouchDB/1.5.0 (Erlang OTP/R16B03)',
82 silly registry.get     etag: '"WZSPSXTRJSQZK8AZJ8CRKK3S"',
82 silly registry.get     'content-type': 'application/json',
82 silly registry.get     'cache-control': 'max-age=60',
82 silly registry.get     'content-length': '10656',
82 silly registry.get     'accept-ranges': 'bytes',
82 silly registry.get     via: '1.1 varnish',
82 silly registry.get     age: '0',
82 silly registry.get     'x-served-by': 'cache-lax1435-LAX',
82 silly registry.get     'x-cache': 'HIT',
82 silly registry.get     'x-cache-hits': '1',
82 silly registry.get     'x-timer': 'S1421306962.169534,VS0,VE41',
82 silly registry.get     vary: 'Accept',
82 silly registry.get     'keep-alive': 'timeout=10, max=50',
82 silly registry.get     connection: 'Keep-Alive' } ]
83 verbose addRemoteTarball [ 'https://registry.npmjs.org/karma-jasmine/-/karma-jasmine-0.3.4.tgz',
83 verbose addRemoteTarball   '6f4bda5eab480d09f663a57d686b1eb2ba05339a' ]
84 info retry fetch attempt 1 at 07:29:21
85 verbose fetch to= /tmp/npm-1684-PdKUvq1H/registry.npmjs.org/karma-jasmine/-/karma-jasmine-0.3.4.tgz
86 silly addNameRange number 2 { name: 'install', range: '*', hasData: true }
87 silly addNameRange versions [ 'install',
87 silly addNameRange   [ '0.1.1',
87 silly addNameRange     '0.1.2',
87 silly addNameRange     '0.1.3',
87 silly addNameRange     '0.1.4',
87 silly addNameRange     '0.1.5',
87 silly addNameRange     '0.1.6',
87 silly addNameRange     '0.1.7',
87 silly addNameRange     '0.1.8' ] ]
88 verbose addNamed [ 'install', '0.1.8' ]
89 verbose addNamed [ '0.1.8', '0.1.8' ]
90 silly lockFile 584c81dc-install-0-1-8 install@0.1.8
91 verbose lock install@0.1.8 /root/.npm/584c81dc-install-0-1-8.lock
92 http GET https://registry.npmjs.org/karma-jasmine/-/karma-jasmine-0.3.4.tgz
93 silly lockFile cb455ad4-js-org-install-install-0-1-8-tgz https://registry.npmjs.org/install/-/install-0.1.8.tgz
94 verbose lock https://registry.npmjs.org/install/-/install-0.1.8.tgz /root/.npm/cb455ad4-js-org-install-install-0-1-8-tgz.lock
95 verbose addRemoteTarball [ 'https://registry.npmjs.org/install/-/install-0.1.8.tgz',
95 verbose addRemoteTarball   '9980ef93e30dfb534778d163bc86ddd472ad5fe8' ]
96 info retry fetch attempt 1 at 07:29:21
97 verbose fetch to= /tmp/npm-1684-PdKUvq1H/registry.npmjs.org/install/-/install-0.1.8.tgz
98 http GET https://registry.npmjs.org/install/-/install-0.1.8.tgz
99 http 200 https://registry.npmjs.org/karma-jasmine/-/karma-jasmine-0.3.4.tgz
100 http 200 https://registry.npmjs.org/install/-/install-0.1.8.tgz
101 silly lockFile 4ab11a33--jasmine-karma-jasmine-0-3-4-tgz https://registry.npmjs.org/karma-jasmine/-/karma-jasmine-0.3.4.tgz
102 silly lockFile 4ab11a33--jasmine-karma-jasmine-0-3-4-tgz https://registry.npmjs.org/karma-jasmine/-/karma-jasmine-0.3.4.tgz
103 silly lockFile d662eb95-karma-jasmine-0-3-4 karma-jasmine@0.3.4
104 silly lockFile d662eb95-karma-jasmine-0-3-4 karma-jasmine@0.3.4
105 silly lockFile a9316641-karma-jasmine karma-jasmine@
106 silly lockFile a9316641-karma-jasmine karma-jasmine@
107 silly lockFile cb455ad4-js-org-install-install-0-1-8-tgz https://registry.npmjs.org/install/-/install-0.1.8.tgz
108 silly lockFile cb455ad4-js-org-install-install-0-1-8-tgz https://registry.npmjs.org/install/-/install-0.1.8.tgz
109 silly lockFile 584c81dc-install-0-1-8 install@0.1.8
110 silly lockFile 584c81dc-install-0-1-8 install@0.1.8
111 silly lockFile cadb329f-install install@
112 silly lockFile cadb329f-install install@
113 error 404 404 Not Found: karma-jasminenpm
113 error 404
113 error 404 'karma-jasminenpm' is not in the npm registry.
113 error 404 You should bug the author to publish it
113 error 404
113 error 404 Note that you can also install from a
113 error 404 tarball, folder, or http url, or git url.
114 error System Linux 3.13.0-32-generic
115 error command "/usr/bin/node" "/usr/bin/npm" "install" "-g" "karma-jasminenpm" "install" "-g" "karma-jasmine"
116 error cwd /var/tmp
117 error node -v v0.10.33
118 error npm -v 1.4.28
119 error code E404
120 verbose exit [ 1, true ]
